<?xml version="1.0" encoding="UTF-8"?>
<testng-results skipped="0" failed="0" ignored="0" total="1" passed="1">
  <reporter-output>
  </reporter-output>
  <suite name="Default suite" duration-ms="2172" started-at="2019-02-18T11:52:55Z" finished-at="2019-02-18T11:52:57Z">
    <groups>
    </groups>
    <test name="Default test" duration-ms="2172" started-at="2019-02-18T11:52:55Z" finished-at="2019-02-18T11:52:57Z">
      <class name="projectemployee.springprojectemployee.GetEmployee">
        <test-method status="PASS" signature="testResponsecode()[pri:0, instance:projectemployee.springprojectemployee.GetEmployee@6737fd8f]" name="testResponsecode" duration-ms="2155" started-at="2019-02-18T11:52:55Z" finished-at="2019-02-18T11:52:57Z">
          <reporter-output>
          </reporter-output>
        </test-method> <!-- testResponsecode -->
      </class> <!-- projectemployee.springprojectemployee.GetEmployee -->
    </test> <!-- Default test -->
  </suite> <!-- Default suite -->
</testng-results>
